<?xml version="1.0" encoding="UTF-8"?>
<testsuite xmlns:xsi="http://www.w3.org/2001/XMLSchema-instance" xsi:noNamespaceSchemaLocation="https://maven.apache.org/surefire/maven-surefire-plugin/xsd/surefire-test-report.xsd" version="3.0.2" name="secure.owasp.secureowaspbe.feedback.service.FeedbackServiceTest" time="0.093" tests="2" errors="0" skipped="0" failures="0">
  <properties>
[...]
</properties>
  <testcase name="submitFeedback_EmptyMessage" classname="secure.owasp.secureowaspbe.feedback.service.FeedbackServiceTest" time="0.029"/>
  <testcase name="submitFeedback_Success" classname="secure.owasp.secureowaspbe.feedback.service.FeedbackServiceTest" time="0.062">
    <system-out><![CDATA[10:59:06.816 [main] WARN secure.owasp.secureowaspbe.feedback.service.FeedbackService -- User [testUser] is submitting feedback as [user123] with message [Great service!]
10:59:06.876 [main] INFO secure.owasp.secureowaspbe.feedback.service.FeedbackService -- User [user123] successfully submitted feedback.
]]></system-out>
  </testcase>
</testsuite>